{"/Users/sushmitabahala/Documents/GitProjects/Agile555/CS555-Sprint-Squad/Controller/authController.js": {"path":"/Users/sushmitabahala/Documents/GitProjects/Agile555/CS555-Sprint-Squad/Controller/authController.js","statementMap":{"0":{"start":{"line":8,"column":2},"end":{"line":33,"column":3}},"1":{"start":{"line":9,"column":65},"end":{"line":9,"column":73}},"2":{"start":{"line":11,"column":17},"end":{"line":17,"column":6}},"3":{"start":{"line":18,"column":18},"end":{"line":18,"column":68}},"4":{"start":{"line":19,"column":4},"end":{"line":25,"column":7}},"5":{"start":{"line":27,"column":4},"end":{"line":32,"column":7}},"6":{"start":{"line":36,"column":2},"end":{"line":67,"column":3}},"7":{"start":{"line":37,"column":53},"end":{"line":37,"column":61}},"8":{"start":{"line":38,"column":4},"end":{"line":43,"column":5}},"9":{"start":{"line":40,"column":18},"end":{"line":40,"column":70}},"10":{"start":{"line":41,"column":6},"end":{"line":41,"column":27}},"11":{"start":{"line":42,"column":6},"end":{"line":42,"column":23}},"12":{"start":{"line":44,"column":17},"end":{"line":46,"column":26}},"13":{"start":{"line":47,"column":4},"end":{"line":52,"column":5}},"14":{"start":{"line":49,"column":18},"end":{"line":49,"column":51}},"15":{"start":{"line":50,"column":6},"end":{"line":50,"column":27}},"16":{"start":{"line":51,"column":6},"end":{"line":51,"column":23}},"17":{"start":{"line":53,"column":24},"end":{"line":53,"column":77}},"18":{"start":{"line":54,"column":4},"end":{"line":59,"column":5}},"19":{"start":{"line":56,"column":18},"end":{"line":56,"column":72}},"20":{"start":{"line":57,"column":6},"end":{"line":57,"column":27}},"21":{"start":{"line":58,"column":6},"end":{"line":58,"column":23}},"22":{"start":{"line":60,"column":18},"end":{"line":60,"column":68}},"23":{"start":{"line":61,"column":4},"end":{"line":64,"column":7}},"24":{"start":{"line":66,"column":4},"end":{"line":66,"column":23}},"25":{"start":{"line":70,"column":2},"end":{"line":102,"column":3}},"26":{"start":{"line":72,"column":4},"end":{"line":77,"column":5}},"27":{"start":{"line":76,"column":6},"end":{"line":76,"column":54}},"28":{"start":{"line":78,"column":4},"end":{"line":83,"column":5}},"29":{"start":{"line":80,"column":18},"end":{"line":80,"column":70}},"30":{"start":{"line":81,"column":6},"end":{"line":81,"column":27}},"31":{"start":{"line":82,"column":6},"end":{"line":82,"column":23}},"32":{"start":{"line":84,"column":19},"end":{"line":84,"column":77}},"33":{"start":{"line":85,"column":17},"end":{"line":85,"column":52}},"34":{"start":{"line":86,"column":4},"end":{"line":91,"column":5}},"35":{"start":{"line":88,"column":18},"end":{"line":88,"column":70}},"36":{"start":{"line":89,"column":6},"end":{"line":89,"column":27}},"37":{"start":{"line":90,"column":6},"end":{"line":90,"column":23}},"38":{"start":{"line":92,"column":4},"end":{"line":97,"column":5}},"39":{"start":{"line":94,"column":18},"end":{"line":94,"column":70}},"40":{"start":{"line":95,"column":6},"end":{"line":95,"column":27}},"41":{"start":{"line":96,"column":6},"end":{"line":96,"column":23}},"42":{"start":{"line":98,"column":4},"end":{"line":98,"column":20}},"43":{"start":{"line":99,"column":4},"end":{"line":99,"column":11}},"44":{"start":{"line":101,"column":4},"end":{"line":101,"column":23}},"45":{"start":{"line":105,"column":2},"end":{"line":115,"column":4}},"46":{"start":{"line":106,"column":4},"end":{"line":113,"column":5}},"47":{"start":{"line":108,"column":18},"end":{"line":110,"column":7}},"48":{"start":{"line":111,"column":6},"end":{"line":111,"column":27}},"49":{"start":{"line":112,"column":6},"end":{"line":112,"column":23}},"50":{"start":{"line":114,"column":4},"end":{"line":114,"column":11}},"51":{"start":{"line":120,"column":15},"end":{"line":120,"column":62}},"52":{"start":{"line":121,"column":2},"end":{"line":126,"column":3}},"53":{"start":{"line":122,"column":16},"end":{"line":122,"column":82}},"54":{"start":{"line":123,"column":6},"end":{"line":123,"column":27}},"55":{"start":{"line":124,"column":6},"end":{"line":124,"column":23}},"56":{"start":{"line":128,"column":21},"end":{"line":128,"column":52}},"57":{"start":{"line":129,"column":2},"end":{"line":129,"column":46}},"58":{"start":{"line":132,"column":19},"end":{"line":132,"column":139}},"59":{"start":{"line":133,"column":18},"end":{"line":133,"column":184}},"60":{"start":{"line":135,"column":2},"end":{"line":151,"column":3}},"61":{"start":{"line":136,"column":4},"end":{"line":140,"column":7}},"62":{"start":{"line":141,"column":4},"end":{"line":144,"column":6}},"63":{"start":{"line":147,"column":4},"end":{"line":147,"column":40}},"64":{"start":{"line":148,"column":4},"end":{"line":148,"column":46}},"65":{"start":{"line":149,"column":4},"end":{"line":149,"column":42}},"66":{"start":{"line":150,"column":4},"end":{"line":150,"column":112}},"67":{"start":{"line":158,"column":15},"end":{"line":158,"column":81}},"68":{"start":{"line":159,"column":15},"end":{"line":159,"column":108}},"69":{"start":{"line":160,"column":2},"end":{"line":164,"column":3}},"70":{"start":{"line":161,"column":16},"end":{"line":161,"column":63}},"71":{"start":{"line":162,"column":6},"end":{"line":162,"column":27}},"72":{"start":{"line":163,"column":6},"end":{"line":163,"column":23}},"73":{"start":{"line":166,"column":2},"end":{"line":166,"column":36}},"74":{"start":{"line":167,"column":2},"end":{"line":167,"column":50}},"75":{"start":{"line":168,"column":2},"end":{"line":168,"column":38}},"76":{"start":{"line":169,"column":2},"end":{"line":169,"column":44}},"77":{"start":{"line":170,"column":2},"end":{"line":170,"column":38}},"78":{"start":{"line":171,"column":2},"end":{"line":171,"column":14}},"79":{"start":{"line":173,"column":21},"end":{"line":173,"column":71}},"80":{"start":{"line":174,"column":2},"end":{"line":177,"column":5}}},"fnMap":{"0":{"name":"signUp","decl":{"start":{"line":7,"column":15},"end":{"line":7,"column":21}},"loc":{"start":{"line":7,"column":38},"end":{"line":34,"column":1}},"line":7},"1":{"name":"logIn","decl":{"start":{"line":35,"column":15},"end":{"line":35,"column":20}},"loc":{"start":{"line":35,"column":37},"end":{"line":68,"column":1}},"line":35},"2":{"name":"protect","decl":{"start":{"line":69,"column":15},"end":{"line":69,"column":22}},"loc":{"start":{"line":69,"column":39},"end":{"line":103,"column":1}},"line":69},"3":{"name":"restrictTo","decl":{"start":{"line":104,"column":9},"end":{"line":104,"column":19}},"loc":{"start":{"line":104,"column":30},"end":{"line":116,"column":1}},"line":104},"4":{"name":"(anonymous_4)","decl":{"start":{"line":105,"column":9},"end":{"line":105,"column":10}},"loc":{"start":{"line":105,"column":35},"end":{"line":115,"column":3}},"line":105},"5":{"name":"forgotPassword","decl":{"start":{"line":118,"column":15},"end":{"line":118,"column":29}},"loc":{"start":{"line":118,"column":45},"end":{"line":154,"column":1}},"line":118},"6":{"name":"resetPassword","decl":{"start":{"line":156,"column":15},"end":{"line":156,"column":28}},"loc":{"start":{"line":156,"column":44},"end":{"line":178,"column":1}},"line":156}},"branchMap":{"0":{"loc":{"start":{"line":38,"column":4},"end":{"line":43,"column":5}},"type":"if","locations":[{"start":{"line":38,"column":4},"end":{"line":43,"column":5}},{"start":{},"end":{}}],"line":38},"1":{"loc":{"start":{"line":38,"column":8},"end":{"line":38,"column":64}},"type":"binary-expr","locations":[{"start":{"line":38,"column":8},"end":{"line":38,"column":30}},{"start":{"line":38,"column":34},"end":{"line":38,"column":64}}],"line":38},"2":{"loc":{"start":{"line":47,"column":4},"end":{"line":52,"column":5}},"type":"if","locations":[{"start":{"line":47,"column":4},"end":{"line":52,"column":5}},{"start":{},"end":{}}],"line":47},"3":{"loc":{"start":{"line":54,"column":4},"end":{"line":59,"column":5}},"type":"if","locations":[{"start":{"line":54,"column":4},"end":{"line":59,"column":5}},{"start":{},"end":{}}],"line":54},"4":{"loc":{"start":{"line":72,"column":4},"end":{"line":77,"column":5}},"type":"if","locations":[{"start":{"line":72,"column":4},"end":{"line":77,"column":5}},{"start":{},"end":{}}],"line":72},"5":{"loc":{"start":{"line":73,"column":6},"end":{"line":74,"column":52}},"type":"binary-expr","locations":[{"start":{"line":73,"column":6},"end":{"line":73,"column":31}},{"start":{"line":74,"column":6},"end":{"line":74,"column":52}}],"line":73},"6":{"loc":{"start":{"line":78,"column":4},"end":{"line":83,"column":5}},"type":"if","locations":[{"start":{"line":78,"column":4},"end":{"line":83,"column":5}},{"start":{},"end":{}}],"line":78},"7":{"loc":{"start":{"line":86,"column":4},"end":{"line":91,"column":5}},"type":"if","locations":[{"start":{"line":86,"column":4},"end":{"line":91,"column":5}},{"start":{},"end":{}}],"line":86},"8":{"loc":{"start":{"line":92,"column":4},"end":{"line":97,"column":5}},"type":"if","locations":[{"start":{"line":92,"column":4},"end":{"line":97,"column":5}},{"start":{},"end":{}}],"line":92},"9":{"loc":{"start":{"line":106,"column":4},"end":{"line":113,"column":5}},"type":"if","locations":[{"start":{"line":106,"column":4},"end":{"line":113,"column":5}},{"start":{},"end":{}}],"line":106},"10":{"loc":{"start":{"line":121,"column":2},"end":{"line":126,"column":3}},"type":"if","locations":[{"start":{"line":121,"column":2},"end":{"line":126,"column":3}},{"start":{},"end":{}}],"line":121},"11":{"loc":{"start":{"line":132,"column":40},"end":{"line":132,"column":109}},"type":"cond-expr","locations":[{"start":{"line":132,"column":75},"end":{"line":132,"column":91}},{"start":{"line":132,"column":94},"end":{"line":132,"column":109}}],"line":132},"12":{"loc":{"start":{"line":160,"column":2},"end":{"line":164,"column":3}},"type":"if","locations":[{"start":{"line":160,"column":2},"end":{"line":164,"column":3}},{"start":{},"end":{}}],"line":160}},"s":{"0":2,"1":2,"2":2,"3":1,"4":1,"5":1,"6":0,"7":0,"8":0,"9":0,"10":0,"11":0,"12":0,"13":0,"14":0,"15":0,"16":0,"17":0,"18":0,"19":0,"20":0,"21":0,"22":0,"23":0,"24":0,"25":0,"26":0,"27":0,"28":0,"29":0,"30":0,"31":0,"32":0,"33":0,"34":0,"35":0,"36":0,"37":0,"38":0,"39":0,"40":0,"41":0,"42":0,"43":0,"44":0,"45":0,"46":0,"47":0,"48":0,"49":0,"50":0,"51":3,"52":3,"53":1,"54":1,"55":1,"56":2,"57":2,"58":2,"59":2,"60":2,"61":2,"62":1,"63":1,"64":1,"65":1,"66":1,"67":2,"68":2,"69":2,"70":1,"71":1,"72":1,"73":1,"74":1,"75":1,"76":1,"77":1,"78":1,"79":1,"80":1},"f":{"0":2,"1":0,"2":0,"3":0,"4":0,"5":3,"6":2},"b":{"0":[0,0],"1":[0,0],"2":[0,0],"3":[0,0],"4":[0,0],"5":[0,0],"6":[0,0],"7":[0,0],"8":[0,0],"9":[0,0],"10":[1,2],"11":[0,2],"12":[1,1]},"_coverageSchema":"1a1c01bbd47fc00a2c39e90264f33305004495a9","hash":"e661c1ea0a3c880c84580bba28e03079079ea10f"}
,"/Users/sushmitabahala/Documents/GitProjects/Agile555/CS555-Sprint-Squad/Controller/clueLocationController.js": {"path":"/Users/sushmitabahala/Documents/GitProjects/Agile555/CS555-Sprint-Squad/Controller/clueLocationController.js","statementMap":{"0":{"start":{"line":3,"column":23},"end":{"line":7,"column":1}},"1":{"start":{"line":4,"column":14},"end":{"line":4,"column":74}},"2":{"start":{"line":5,"column":2},"end":{"line":5,"column":23}},"3":{"start":{"line":6,"column":2},"end":{"line":6,"column":12}},"4":{"start":{"line":9,"column":24},"end":{"line":13,"column":1}},"5":{"start":{"line":10,"column":14},"end":{"line":10,"column":60}},"6":{"start":{"line":11,"column":2},"end":{"line":11,"column":23}},"7":{"start":{"line":12,"column":2},"end":{"line":12,"column":12}},"8":{"start":{"line":15,"column":25},"end":{"line":38,"column":1}},"9":{"start":{"line":16,"column":2},"end":{"line":37,"column":3}},"10":{"start":{"line":17,"column":24},"end":{"line":17,"column":37}},"11":{"start":{"line":18,"column":17},"end":{"line":18,"column":59}},"12":{"start":{"line":20,"column":4},"end":{"line":22,"column":5}},"13":{"start":{"line":21,"column":6},"end":{"line":21,"column":34}},"14":{"start":{"line":24,"column":26},"end":{"line":24,"column":45}},"15":{"start":{"line":25,"column":4},"end":{"line":30,"column":7}},"16":{"start":{"line":32,"column":16},"end":{"line":32,"column":21}},"17":{"start":{"line":33,"column":4},"end":{"line":35,"column":5}},"18":{"start":{"line":34,"column":6},"end":{"line":34,"column":35}},"19":{"start":{"line":36,"column":4},"end":{"line":36,"column":14}},"20":{"start":{"line":40,"column":24},"end":{"line":70,"column":1}},"21":{"start":{"line":41,"column":2},"end":{"line":69,"column":3}},"22":{"start":{"line":42,"column":31},"end":{"line":42,"column":41}},"23":{"start":{"line":43,"column":17},"end":{"line":43,"column":50}},"24":{"start":{"line":45,"column":4},"end":{"line":47,"column":5}},"25":{"start":{"line":46,"column":6},"end":{"line":46,"column":25}},"26":{"start":{"line":49,"column":25},"end":{"line":49,"column":59}},"27":{"start":{"line":51,"column":4},"end":{"line":55,"column":5}},"28":{"start":{"line":52,"column":18},"end":{"line":52,"column":76}},"29":{"start":{"line":53,"column":6},"end":{"line":53,"column":27}},"30":{"start":{"line":54,"column":6},"end":{"line":54,"column":16}},"31":{"start":{"line":57,"column":4},"end":{"line":62,"column":7}},"32":{"start":{"line":64,"column":16},"end":{"line":64,"column":21}},"33":{"start":{"line":65,"column":4},"end":{"line":67,"column":5}},"34":{"start":{"line":66,"column":6},"end":{"line":66,"column":26}},"35":{"start":{"line":68,"column":4},"end":{"line":68,"column":14}},"36":{"start":{"line":72,"column":27},"end":{"line":98,"column":1}},"37":{"start":{"line":73,"column":22},"end":{"line":73,"column":35}},"38":{"start":{"line":74,"column":2},"end":{"line":97,"column":3}},"39":{"start":{"line":75,"column":17},"end":{"line":75,"column":59}},"40":{"start":{"line":77,"column":4},"end":{"line":79,"column":5}},"41":{"start":{"line":78,"column":6},"end":{"line":78,"column":34}},"42":{"start":{"line":81,"column":28},"end":{"line":81,"column":36}},"43":{"start":{"line":82,"column":4},"end":{"line":82,"column":46}},"44":{"start":{"line":83,"column":4},"end":{"line":83,"column":22}},"45":{"start":{"line":85,"column":4},"end":{"line":90,"column":7}},"46":{"start":{"line":92,"column":16},"end":{"line":92,"column":21}},"47":{"start":{"line":93,"column":4},"end":{"line":95,"column":5}},"48":{"start":{"line":94,"column":6},"end":{"line":94,"column":35}},"49":{"start":{"line":96,"column":4},"end":{"line":96,"column":14}},"50":{"start":{"line":100,"column":27},"end":{"line":134,"column":1}},"51":{"start":{"line":101,"column":29},"end":{"line":101,"column":39}},"52":{"start":{"line":102,"column":2},"end":{"line":133,"column":3}},"53":{"start":{"line":103,"column":17},"end":{"line":103,"column":50}},"54":{"start":{"line":105,"column":4},"end":{"line":107,"column":5}},"55":{"start":{"line":106,"column":6},"end":{"line":106,"column":25}},"56":{"start":{"line":109,"column":24},"end":{"line":109,"column":32}},"57":{"start":{"line":110,"column":25},"end":{"line":110,"column":59}},"58":{"start":{"line":112,"column":4},"end":{"line":116,"column":5}},"59":{"start":{"line":113,"column":18},"end":{"line":113,"column":76}},"60":{"start":{"line":114,"column":6},"end":{"line":114,"column":27}},"61":{"start":{"line":115,"column":6},"end":{"line":115,"column":16}},"62":{"start":{"line":118,"column":4},"end":{"line":118,"column":45}},"63":{"start":{"line":119,"column":4},"end":{"line":119,"column":22}},"64":{"start":{"line":121,"column":4},"end":{"line":126,"column":7}},"65":{"start":{"line":128,"column":16},"end":{"line":128,"column":21}},"66":{"start":{"line":129,"column":4},"end":{"line":131,"column":5}},"67":{"start":{"line":130,"column":6},"end":{"line":130,"column":26}},"68":{"start":{"line":132,"column":4},"end":{"line":132,"column":14}},"69":{"start":{"line":136,"column":27},"end":{"line":167,"column":1}},"70":{"start":{"line":137,"column":29},"end":{"line":137,"column":39}},"71":{"start":{"line":138,"column":2},"end":{"line":166,"column":3}},"72":{"start":{"line":139,"column":17},"end":{"line":139,"column":50}},"73":{"start":{"line":141,"column":4},"end":{"line":143,"column":5}},"74":{"start":{"line":142,"column":6},"end":{"line":142,"column":25}},"75":{"start":{"line":145,"column":25},"end":{"line":145,"column":59}},"76":{"start":{"line":147,"column":4},"end":{"line":151,"column":5}},"77":{"start":{"line":148,"column":18},"end":{"line":148,"column":76}},"78":{"start":{"line":149,"column":6},"end":{"line":149,"column":27}},"79":{"start":{"line":150,"column":6},"end":{"line":150,"column":16}},"80":{"start":{"line":153,"column":4},"end":{"line":153,"column":26}},"81":{"start":{"line":154,"column":4},"end":{"line":154,"column":22}},"82":{"start":{"line":156,"column":4},"end":{"line":159,"column":7}},"83":{"start":{"line":161,"column":16},"end":{"line":161,"column":21}},"84":{"start":{"line":162,"column":4},"end":{"line":164,"column":5}},"85":{"start":{"line":163,"column":6},"end":{"line":163,"column":26}},"86":{"start":{"line":165,"column":4},"end":{"line":165,"column":14}}},"fnMap":{"0":{"name":"(anonymous_0)","decl":{"start":{"line":3,"column":23},"end":{"line":3,"column":24}},"loc":{"start":{"line":3,"column":40},"end":{"line":7,"column":1}},"line":3},"1":{"name":"(anonymous_1)","decl":{"start":{"line":9,"column":24},"end":{"line":9,"column":25}},"loc":{"start":{"line":9,"column":41},"end":{"line":13,"column":1}},"line":9},"2":{"name":"(anonymous_2)","decl":{"start":{"line":15,"column":25},"end":{"line":15,"column":26}},"loc":{"start":{"line":15,"column":51},"end":{"line":38,"column":1}},"line":15},"3":{"name":"(anonymous_3)","decl":{"start":{"line":40,"column":24},"end":{"line":40,"column":25}},"loc":{"start":{"line":40,"column":50},"end":{"line":70,"column":1}},"line":40},"4":{"name":"(anonymous_4)","decl":{"start":{"line":72,"column":27},"end":{"line":72,"column":28}},"loc":{"start":{"line":72,"column":53},"end":{"line":98,"column":1}},"line":72},"5":{"name":"(anonymous_5)","decl":{"start":{"line":100,"column":27},"end":{"line":100,"column":28}},"loc":{"start":{"line":100,"column":53},"end":{"line":134,"column":1}},"line":100},"6":{"name":"(anonymous_6)","decl":{"start":{"line":136,"column":27},"end":{"line":136,"column":28}},"loc":{"start":{"line":136,"column":53},"end":{"line":167,"column":1}},"line":136}},"branchMap":{"0":{"loc":{"start":{"line":20,"column":4},"end":{"line":22,"column":5}},"type":"if","locations":[{"start":{"line":20,"column":4},"end":{"line":22,"column":5}},{"start":{},"end":{}}],"line":20},"1":{"loc":{"start":{"line":33,"column":4},"end":{"line":35,"column":5}},"type":"if","locations":[{"start":{"line":33,"column":4},"end":{"line":35,"column":5}},{"start":{},"end":{}}],"line":33},"2":{"loc":{"start":{"line":45,"column":4},"end":{"line":47,"column":5}},"type":"if","locations":[{"start":{"line":45,"column":4},"end":{"line":47,"column":5}},{"start":{},"end":{}}],"line":45},"3":{"loc":{"start":{"line":51,"column":4},"end":{"line":55,"column":5}},"type":"if","locations":[{"start":{"line":51,"column":4},"end":{"line":55,"column":5}},{"start":{},"end":{}}],"line":51},"4":{"loc":{"start":{"line":65,"column":4},"end":{"line":67,"column":5}},"type":"if","locations":[{"start":{"line":65,"column":4},"end":{"line":67,"column":5}},{"start":{},"end":{}}],"line":65},"5":{"loc":{"start":{"line":77,"column":4},"end":{"line":79,"column":5}},"type":"if","locations":[{"start":{"line":77,"column":4},"end":{"line":79,"column":5}},{"start":{},"end":{}}],"line":77},"6":{"loc":{"start":{"line":93,"column":4},"end":{"line":95,"column":5}},"type":"if","locations":[{"start":{"line":93,"column":4},"end":{"line":95,"column":5}},{"start":{},"end":{}}],"line":93},"7":{"loc":{"start":{"line":105,"column":4},"end":{"line":107,"column":5}},"type":"if","locations":[{"start":{"line":105,"column":4},"end":{"line":107,"column":5}},{"start":{},"end":{}}],"line":105},"8":{"loc":{"start":{"line":112,"column":4},"end":{"line":116,"column":5}},"type":"if","locations":[{"start":{"line":112,"column":4},"end":{"line":116,"column":5}},{"start":{},"end":{}}],"line":112},"9":{"loc":{"start":{"line":129,"column":4},"end":{"line":131,"column":5}},"type":"if","locations":[{"start":{"line":129,"column":4},"end":{"line":131,"column":5}},{"start":{},"end":{}}],"line":129},"10":{"loc":{"start":{"line":141,"column":4},"end":{"line":143,"column":5}},"type":"if","locations":[{"start":{"line":141,"column":4},"end":{"line":143,"column":5}},{"start":{},"end":{}}],"line":141},"11":{"loc":{"start":{"line":147,"column":4},"end":{"line":151,"column":5}},"type":"if","locations":[{"start":{"line":147,"column":4},"end":{"line":151,"column":5}},{"start":{},"end":{}}],"line":147},"12":{"loc":{"start":{"line":162,"column":4},"end":{"line":164,"column":5}},"type":"if","locations":[{"start":{"line":162,"column":4},"end":{"line":164,"column":5}},{"start":{},"end":{}}],"line":162}},"s":{"0":1,"1":3,"2":3,"3":3,"4":1,"5":3,"6":3,"7":3,"8":1,"9":0,"10":0,"11":0,"12":0,"13":0,"14":0,"15":0,"16":0,"17":0,"18":0,"19":0,"20":1,"21":0,"22":0,"23":0,"24":0,"25":0,"26":0,"27":0,"28":0,"29":0,"30":0,"31":0,"32":0,"33":0,"34":0,"35":0,"36":1,"37":3,"38":3,"39":3,"40":2,"41":1,"42":1,"43":1,"44":1,"45":1,"46":2,"47":2,"48":1,"49":1,"50":1,"51":4,"52":4,"53":4,"54":3,"55":1,"56":2,"57":2,"58":2,"59":1,"60":1,"61":1,"62":1,"63":1,"64":1,"65":3,"66":3,"67":1,"68":2,"69":1,"70":4,"71":4,"72":4,"73":3,"74":1,"75":2,"76":1,"77":0,"78":0,"79":0,"80":1,"81":1,"82":1,"83":3,"84":3,"85":1,"86":2},"f":{"0":3,"1":3,"2":0,"3":0,"4":3,"5":4,"6":4},"b":{"0":[0,0],"1":[0,0],"2":[0,0],"3":[0,0],"4":[0,0],"5":[1,1],"6":[1,1],"7":[1,2],"8":[1,1],"9":[1,2],"10":[1,2],"11":[0,1],"12":[1,2]},"_coverageSchema":"1a1c01bbd47fc00a2c39e90264f33305004495a9","hash":"65bb95656ba4919f103c148df931813bfaaaacce"}
,"/Users/sushmitabahala/Documents/GitProjects/Agile555/CS555-Sprint-Squad/Controller/scavengerController.js": {"path":"/Users/sushmitabahala/Documents/GitProjects/Agile555/CS555-Sprint-Squad/Controller/scavengerController.js","statementMap":{"0":{"start":{"line":3,"column":23},"end":{"line":7,"column":1}},"1":{"start":{"line":4,"column":14},"end":{"line":4,"column":74}},"2":{"start":{"line":5,"column":2},"end":{"line":5,"column":23}},"3":{"start":{"line":6,"column":2},"end":{"line":6,"column":12}},"4":{"start":{"line":9,"column":24},"end":{"line":13,"column":1}},"5":{"start":{"line":10,"column":14},"end":{"line":10,"column":60}},"6":{"start":{"line":11,"column":2},"end":{"line":11,"column":23}},"7":{"start":{"line":12,"column":2},"end":{"line":12,"column":12}},"8":{"start":{"line":15,"column":24},"end":{"line":29,"column":1}},"9":{"start":{"line":16,"column":2},"end":{"line":28,"column":3}},"10":{"start":{"line":17,"column":18},"end":{"line":17,"column":45}},"11":{"start":{"line":18,"column":4},"end":{"line":23,"column":7}},"12":{"start":{"line":25,"column":16},"end":{"line":25,"column":21}},"13":{"start":{"line":26,"column":4},"end":{"line":26,"column":25}},"14":{"start":{"line":27,"column":4},"end":{"line":27,"column":14}},"15":{"start":{"line":31,"column":21},"end":{"line":53,"column":1}},"16":{"start":{"line":32,"column":2},"end":{"line":52,"column":3}},"17":{"start":{"line":33,"column":24},"end":{"line":33,"column":37}},"18":{"start":{"line":34,"column":17},"end":{"line":34,"column":59}},"19":{"start":{"line":36,"column":4},"end":{"line":38,"column":5}},"20":{"start":{"line":37,"column":6},"end":{"line":37,"column":34}},"21":{"start":{"line":40,"column":4},"end":{"line":45,"column":7}},"22":{"start":{"line":47,"column":16},"end":{"line":47,"column":21}},"23":{"start":{"line":48,"column":4},"end":{"line":50,"column":5}},"24":{"start":{"line":49,"column":6},"end":{"line":49,"column":35}},"25":{"start":{"line":51,"column":4},"end":{"line":51,"column":14}},"26":{"start":{"line":55,"column":24},"end":{"line":86,"column":1}},"27":{"start":{"line":56,"column":2},"end":{"line":85,"column":3}},"28":{"start":{"line":57,"column":24},"end":{"line":57,"column":37}},"29":{"start":{"line":58,"column":24},"end":{"line":58,"column":32}},"30":{"start":{"line":60,"column":17},"end":{"line":67,"column":5}},"31":{"start":{"line":69,"column":4},"end":{"line":71,"column":5}},"32":{"start":{"line":70,"column":6},"end":{"line":70,"column":34}},"33":{"start":{"line":73,"column":4},"end":{"line":78,"column":7}},"34":{"start":{"line":80,"column":16},"end":{"line":80,"column":21}},"35":{"start":{"line":81,"column":4},"end":{"line":83,"column":5}},"36":{"start":{"line":82,"column":6},"end":{"line":82,"column":35}},"37":{"start":{"line":84,"column":4},"end":{"line":84,"column":14}},"38":{"start":{"line":88,"column":24},"end":{"line":111,"column":1}},"39":{"start":{"line":89,"column":2},"end":{"line":110,"column":3}},"40":{"start":{"line":91,"column":6},"end":{"line":91,"column":14}},"41":{"start":{"line":93,"column":17},"end":{"line":98,"column":6}},"42":{"start":{"line":100,"column":4},"end":{"line":105,"column":7}},"43":{"start":{"line":107,"column":16},"end":{"line":107,"column":21}},"44":{"start":{"line":108,"column":4},"end":{"line":108,"column":25}},"45":{"start":{"line":109,"column":4},"end":{"line":109,"column":14}},"46":{"start":{"line":113,"column":24},"end":{"line":133,"column":1}},"47":{"start":{"line":114,"column":2},"end":{"line":132,"column":3}},"48":{"start":{"line":115,"column":24},"end":{"line":115,"column":37}},"49":{"start":{"line":116,"column":17},"end":{"line":116,"column":68}},"50":{"start":{"line":118,"column":4},"end":{"line":120,"column":5}},"51":{"start":{"line":119,"column":6},"end":{"line":119,"column":34}},"52":{"start":{"line":122,"column":4},"end":{"line":125,"column":7}},"53":{"start":{"line":127,"column":16},"end":{"line":127,"column":21}},"54":{"start":{"line":128,"column":4},"end":{"line":130,"column":5}},"55":{"start":{"line":129,"column":6},"end":{"line":129,"column":35}},"56":{"start":{"line":131,"column":4},"end":{"line":131,"column":14}}},"fnMap":{"0":{"name":"(anonymous_0)","decl":{"start":{"line":3,"column":23},"end":{"line":3,"column":24}},"loc":{"start":{"line":3,"column":40},"end":{"line":7,"column":1}},"line":3},"1":{"name":"(anonymous_1)","decl":{"start":{"line":9,"column":24},"end":{"line":9,"column":25}},"loc":{"start":{"line":9,"column":41},"end":{"line":13,"column":1}},"line":9},"2":{"name":"(anonymous_2)","decl":{"start":{"line":15,"column":24},"end":{"line":15,"column":25}},"loc":{"start":{"line":15,"column":50},"end":{"line":29,"column":1}},"line":15},"3":{"name":"(anonymous_3)","decl":{"start":{"line":31,"column":21},"end":{"line":31,"column":22}},"loc":{"start":{"line":31,"column":47},"end":{"line":53,"column":1}},"line":31},"4":{"name":"(anonymous_4)","decl":{"start":{"line":55,"column":24},"end":{"line":55,"column":25}},"loc":{"start":{"line":55,"column":50},"end":{"line":86,"column":1}},"line":55},"5":{"name":"(anonymous_5)","decl":{"start":{"line":88,"column":24},"end":{"line":88,"column":25}},"loc":{"start":{"line":88,"column":50},"end":{"line":111,"column":1}},"line":88},"6":{"name":"(anonymous_6)","decl":{"start":{"line":113,"column":24},"end":{"line":113,"column":25}},"loc":{"start":{"line":113,"column":50},"end":{"line":133,"column":1}},"line":113}},"branchMap":{"0":{"loc":{"start":{"line":36,"column":4},"end":{"line":38,"column":5}},"type":"if","locations":[{"start":{"line":36,"column":4},"end":{"line":38,"column":5}},{"start":{},"end":{}}],"line":36},"1":{"loc":{"start":{"line":48,"column":4},"end":{"line":50,"column":5}},"type":"if","locations":[{"start":{"line":48,"column":4},"end":{"line":50,"column":5}},{"start":{},"end":{}}],"line":48},"2":{"loc":{"start":{"line":69,"column":4},"end":{"line":71,"column":5}},"type":"if","locations":[{"start":{"line":69,"column":4},"end":{"line":71,"column":5}},{"start":{},"end":{}}],"line":69},"3":{"loc":{"start":{"line":81,"column":4},"end":{"line":83,"column":5}},"type":"if","locations":[{"start":{"line":81,"column":4},"end":{"line":83,"column":5}},{"start":{},"end":{}}],"line":81},"4":{"loc":{"start":{"line":118,"column":4},"end":{"line":120,"column":5}},"type":"if","locations":[{"start":{"line":118,"column":4},"end":{"line":120,"column":5}},{"start":{},"end":{}}],"line":118},"5":{"loc":{"start":{"line":128,"column":4},"end":{"line":130,"column":5}},"type":"if","locations":[{"start":{"line":128,"column":4},"end":{"line":130,"column":5}},{"start":{},"end":{}}],"line":128}},"s":{"0":2,"1":1,"2":1,"3":1,"4":2,"5":0,"6":0,"7":0,"8":2,"9":4,"10":4,"11":2,"12":2,"13":2,"14":2,"15":2,"16":3,"17":3,"18":3,"19":3,"20":1,"21":2,"22":1,"23":1,"24":0,"25":1,"26":2,"27":1,"28":1,"29":1,"30":1,"31":1,"32":0,"33":1,"34":0,"35":0,"36":0,"37":0,"38":2,"39":1,"40":1,"41":1,"42":1,"43":0,"44":0,"45":0,"46":2,"47":1,"48":1,"49":1,"50":1,"51":0,"52":1,"53":0,"54":0,"55":0,"56":0},"f":{"0":1,"1":0,"2":4,"3":3,"4":1,"5":1,"6":1},"b":{"0":[1,2],"1":[0,1],"2":[0,1],"3":[0,0],"4":[0,1],"5":[0,0]},"_coverageSchema":"1a1c01bbd47fc00a2c39e90264f33305004495a9","hash":"dcfb91f2fb3837581fa49a81c6904857c9cf1fc6"}
,"/Users/sushmitabahala/Documents/GitProjects/Agile555/CS555-Sprint-Squad/Controller/userController.js": {"path":"/Users/sushmitabahala/Documents/GitProjects/Agile555/CS555-Sprint-Squad/Controller/userController.js","statementMap":{"0":{"start":{"line":3,"column":2},"end":{"line":14,"column":3}},"1":{"start":{"line":4,"column":18},"end":{"line":4,"column":40}},"2":{"start":{"line":5,"column":4},"end":{"line":9,"column":7}},"3":{"start":{"line":11,"column":16},"end":{"line":11,"column":21}},"4":{"start":{"line":12,"column":4},"end":{"line":12,"column":25}},"5":{"start":{"line":13,"column":4},"end":{"line":13,"column":14}},"6":{"start":{"line":17,"column":2},"end":{"line":28,"column":3}},"7":{"start":{"line":18,"column":18},"end":{"line":18,"column":57}},"8":{"start":{"line":19,"column":4},"end":{"line":23,"column":7}},"9":{"start":{"line":25,"column":16},"end":{"line":25,"column":21}},"10":{"start":{"line":26,"column":4},"end":{"line":26,"column":25}},"11":{"start":{"line":27,"column":4},"end":{"line":27,"column":14}},"12":{"start":{"line":32,"column":2},"end":{"line":46,"column":3}},"13":{"start":{"line":33,"column":18},"end":{"line":36,"column":6}},"14":{"start":{"line":37,"column":4},"end":{"line":41,"column":7}},"15":{"start":{"line":43,"column":16},"end":{"line":43,"column":21}},"16":{"start":{"line":44,"column":4},"end":{"line":44,"column":25}},"17":{"start":{"line":45,"column":4},"end":{"line":45,"column":14}},"18":{"start":{"line":49,"column":2},"end":{"line":59,"column":3}},"19":{"start":{"line":50,"column":4},"end":{"line":50,"column":53}},"20":{"start":{"line":51,"column":4},"end":{"line":54,"column":7}},"21":{"start":{"line":56,"column":16},"end":{"line":56,"column":21}},"22":{"start":{"line":57,"column":4},"end":{"line":57,"column":25}},"23":{"start":{"line":58,"column":4},"end":{"line":58,"column":14}}},"fnMap":{"0":{"name":"getAllUsers","decl":{"start":{"line":2,"column":15},"end":{"line":2,"column":26}},"loc":{"start":{"line":2,"column":43},"end":{"line":15,"column":1}},"line":2},"1":{"name":"getUser","decl":{"start":{"line":16,"column":15},"end":{"line":16,"column":22}},"loc":{"start":{"line":16,"column":39},"end":{"line":29,"column":1}},"line":16},"2":{"name":"updateUser","decl":{"start":{"line":30,"column":15},"end":{"line":30,"column":25}},"loc":{"start":{"line":30,"column":42},"end":{"line":47,"column":1}},"line":30},"3":{"name":"deleteUser","decl":{"start":{"line":48,"column":15},"end":{"line":48,"column":25}},"loc":{"start":{"line":48,"column":42},"end":{"line":60,"column":1}},"line":48}},"branchMap":{},"s":{"0":0,"1":0,"2":0,"3":0,"4":0,"5":0,"6":0,"7":0,"8":0,"9":0,"10":0,"11":0,"12":1,"13":1,"14":1,"15":0,"16":0,"17":0,"18":1,"19":1,"20":1,"21":0,"22":0,"23":0},"f":{"0":0,"1":0,"2":1,"3":1},"b":{},"_coverageSchema":"1a1c01bbd47fc00a2c39e90264f33305004495a9","hash":"fcd1e7b5f894f8d6dc2b75f5bdc9f7e265eb6893"}
}
